Performing C SOURCE FILE Test CMAKE_HAVE_LIBC_PTHREAD failed with the following output:
Change Dir: /home/anshuai/yft/tool/build/CMakeFiles/CMakeTmp

Run Build Command(s):/usr/bin/make cmTC_9261e/fast && /usr/bin/make -f CMakeFiles/cmTC_9261e.dir/build.make CMakeFiles/cmTC_9261e.dir/build
make[1]: Entering directory '/home/anshuai/yft/tool/build/CMakeFiles/CMakeTmp'
Building C object CMakeFiles/cmTC_9261e.dir/src.c.o
/usr/bin/cc   -fPIC -DCMAKE_HAVE_LIBC_PTHREAD   -o CMakeFiles/cmTC_9261e.dir/src.c.o   -c /home/anshuai/yft/tool/build/CMakeFiles/CMakeTmp/src.c
Linking C executable cmTC_9261e
/home/anshuai/yft/CLion/clion-2019.2.4/bin/cmake/linux/bin/cmake -E cmake_link_script CMakeFiles/cmTC_9261e.dir/link.txt --verbose=1
/usr/bin/cc -fPIC -DCMAKE_HAVE_LIBC_PTHREAD    -rdynamic CMakeFiles/cmTC_9261e.dir/src.c.o  -o cmTC_9261e 
CMakeFiles/cmTC_9261e.dir/src.c.o：在函数‘main’中：
src.c:(.text+0x3e)：对‘pthread_create’未定义的引用
src.c:(.text+0x4a)：对‘pthread_detach’未定义的引用
src.c:(.text+0x5b)：对‘pthread_join’未定义的引用
src.c:(.text+0x6f)：对‘pthread_atfork’未定义的引用
collect2: error: ld returned 1 exit status
CMakeFiles/cmTC_9261e.dir/build.make:86: recipe for target 'cmTC_9261e' failed
make[1]: *** [cmTC_9261e] Error 1
make[1]: Leaving directory '/home/anshuai/yft/tool/build/CMakeFiles/CMakeTmp'
Makefile:121: recipe for target 'cmTC_9261e/fast' failed
make: *** [cmTC_9261e/fast] Error 2


Source file was:
#include <pthread.h>

void* test_func(void* data)
{
  return data;
}

int main(void)
{
  pthread_t thread;
  pthread_create(&thread, NULL, test_func, NULL);
  pthread_detach(thread);
  pthread_join(thread, NULL);
  pthread_atfork(NULL, NULL, NULL);
  pthread_exit(NULL);

  return 0;
}

Determining if the function pthread_create exists in the pthreads failed with the following output:
Change Dir: /home/anshuai/yft/tool/build/CMakeFiles/CMakeTmp

Run Build Command(s):/usr/bin/make cmTC_1473b/fast && /usr/bin/make -f CMakeFiles/cmTC_1473b.dir/build.make CMakeFiles/cmTC_1473b.dir/build
make[1]: Entering directory '/home/anshuai/yft/tool/build/CMakeFiles/CMakeTmp'
Building C object CMakeFiles/cmTC_1473b.dir/CheckFunctionExists.c.o
/usr/bin/cc   -fPIC -DCHECK_FUNCTION_EXISTS=pthread_create   -o CMakeFiles/cmTC_1473b.dir/CheckFunctionExists.c.o   -c /home/anshuai/yft/CLion/clion-2019.2.4/bin/cmake/linux/share/cmake-3.15/Modules/CheckFunctionExists.c
Linking C executable cmTC_1473b
/home/anshuai/yft/CLion/clion-2019.2.4/bin/cmake/linux/bin/cmake -E cmake_link_script CMakeFiles/cmTC_1473b.dir/link.txt --verbose=1
/usr/bin/cc -fPIC -DCHECK_FUNCTION_EXISTS=pthread_create    -rdynamic CMakeFiles/cmTC_1473b.dir/CheckFunctionExists.c.o  -o cmTC_1473b -lpthreads 
/usr/bin/ld: 找不到 -lpthreads
collect2: error: ld returned 1 exit status
CMakeFiles/cmTC_1473b.dir/build.make:86: recipe for target 'cmTC_1473b' failed
make[1]: *** [cmTC_1473b] Error 1
make[1]: Leaving directory '/home/anshuai/yft/tool/build/CMakeFiles/CMakeTmp'
Makefile:121: recipe for target 'cmTC_1473b/fast' failed
make: *** [cmTC_1473b/fast] Error 2



